0 info it worked if it ends with ok
1 verbose cli [ '/usr/local/Cellar/node/5.10.1/bin/node',
1 verbose cli   '/usr/local/bin/npm',
1 verbose cli   'run',
1 verbose cli   'dev' ]
2 info using npm@3.8.3
3 info using node@v5.10.1
4 verbose run-script [ 'predev', 'dev', 'postdev' ]
5 info lifecycle @~predev: @
6 silly lifecycle @~predev: no script for predev, continuing
7 info lifecycle @~dev: @
8 verbose lifecycle @~dev: unsafe-perm in lifecycle true
9 verbose lifecycle @~dev: PATH: /usr/local/lib/node_modules/npm/bin/node-gyp-bin:/Users/wangliang/react-learning/webpack-demo/node_modules/.bin:/usr/local/Cellar/node/5.10.1/bin:/Library/Frameworks/Python.framework/Versions/3.5/bin:/opt/local/bin:/opt/local/sbin:/usr/local/bin:/usr/bin:/bin:/usr/sbin:/sbin:/Users/wangliang/.rvm/bin
10 verbose lifecycle @~dev: CWD: /Users/wangliang/react-learning/webpack-demo
11 silly lifecycle @~dev: Args: [ '-c',
11 silly lifecycle   'webpack-dev-server --devtool eval --progress --colors --hot --content-base build' ]
12 silly lifecycle @~dev: Returned: code: 1  signal: null
13 info lifecycle @~dev: Failed to exec dev script
14 verbose stack Error: @ dev: `webpack-dev-server --devtool eval --progress --colors --hot --content-base build`
14 verbose stack Exit status 1
14 verbose stack     at EventEmitter.<anonymous> (/usr/local/lib/node_modules/npm/lib/utils/lifecycle.js:239:16)
14 verbose stack     at emitTwo (events.js:100:13)
14 verbose stack     at EventEmitter.emit (events.js:185:7)
14 verbose stack     at ChildProcess.<anonymous> (/usr/local/lib/node_modules/npm/lib/utils/spawn.js:24:14)
14 verbose stack     at emitTwo (events.js:100:13)
14 verbose stack     at ChildProcess.emit (events.js:185:7)
14 verbose stack     at maybeClose (internal/child_process.js:850:16)
14 verbose stack     at Process.ChildProcess._handle.onexit (internal/child_process.js:215:5)
15 verbose pkgid @
16 verbose cwd /Users/wangliang/react-learning/webpack-demo
17 error Darwin 16.1.0
18 error argv "/usr/local/Cellar/node/5.10.1/bin/node" "/usr/local/bin/npm" "run" "dev"
19 error node v5.10.1
20 error npm  v3.8.3
21 error code ELIFECYCLE
22 error @ dev: `webpack-dev-server --devtool eval --progress --colors --hot --content-base build`
22 error Exit status 1
23 error Failed at the @ dev script 'webpack-dev-server --devtool eval --progress --colors --hot --content-base build'.
23 error Make sure you have the latest version of node.js and npm installed.
23 error If you do, this is most likely a problem with the  package,
23 error not with npm itself.
23 error Tell the author that this fails on your system:
23 error     webpack-dev-server --devtool eval --progress --colors --hot --content-base build
23 error You can get information on how to open an issue for this project with:
23 error     npm bugs
23 error Or if that isn't available, you can get their info via:
23 error     npm owner ls
23 error There is likely additional logging output above.
24 verbose exit [ 1, true ]
