监听 9909 成功
/
/main.css
/main.js
/
/main.css
/main.js
/
/main.css
/main.js
/favicon.ico
/
/main.css
/main.js
/
/main.js
/
/main.css
/main.js
/
/main.js
/main.css
/favicon.ico
/
/main.css
/main.js
/favicon.ico
/main.css
/
/main.css
/main.js
/
/main.css
/main.js
/
/main.css
/main.js
/favicon.ico
/
/main.css
/
/main.css
/
/main.css
/main.js
/
/main.js
/main.css
/favicon.ico
/
/main.css
/main.js
/
/main.js
/main.css
/favicon.ico
/
/main.css
/main.js
/favicon.ico
/favicon.ico
/main.css
/favicon.ico
/main.js
/favicon.ico
/
/main.css
/main.js
/
/main.css
/main.js
/favicon.ico
/
/main.js
/
/main.css
/main.js
/
/main.css
/main.js
/favicon.ico
/main.css
/favicon.ico
/favicon.ico
/favicon.ico
/
/main.js
/main.css
/
/main.css
/main.js
/
/main.css
/main.js
/favicon.ico
/main.css
/favicon.ico
/main.css
/
/main.css
/main.js
/favicon.ico
/main.css
/
/main.css
/main.js
/favicon.ico
/
/main.css
/main.js
/
/main.js
/main.css
/
/main.css
/main.js
/skin/layer.css
/favicon.ico
/favicon.ico
/main.css
/favicon.ico
/main.js
/favicon.ico
/
/main.css
/main.js
/favicon.ico
/main.css
监听 9909 成功
/
/main.css
/main.js
/
/main.css
/main.js
